Traceback (most recent call last):
  File "/usr/local/lib/python3.13/dist-packages/jupyter_core/utils/__init__.py", line 154, in wrapped
    asyncio.get_running_loop()
    ~~~~~~~~~~~~~~~~~~~~~~~~^^
RuntimeError: no running event loop

During handling of the above exception, another exception occurred:

Traceback (most recent call last):
  File "/home/pf/.local/lib/python3.13/site-packages/jupyter_cache/executors/utils.py", line 58, in single_nb_execution
    executenb(
    ~~~~~~~~~^
        nb,
        ^^^
    ...<4 lines>...
        **kwargs,
        ^^^^^^^^^
    )
    ^
  File "/usr/local/lib/python3.13/dist-packages/nbclient/client.py", line 1319, in execute
    return NotebookClient(nb=nb, resources=resources, km=km, **kwargs).execute()
           ~~~~~~~~~~~~~~~~~~~~~~~~~~~~~~~~~~~~~~~~~~~~~~~~~~~~~~~~~~~~~~~~~~~^^
  File "/usr/local/lib/python3.13/dist-packages/jupyter_core/utils/__init__.py", line 158, in wrapped
    return loop.run_until_complete(inner)
           ~~~~~~~~~~~~~~~~~~~~~~~^^^^^^^
  File "/usr/lib/python3.13/asyncio/base_events.py", line 725, in run_until_complete
    return future.result()
           ~~~~~~~~~~~~~^^
  File "/usr/local/lib/python3.13/dist-packages/nbclient/client.py", line 709, in async_execute
    await self.async_execute_cell(
        cell, index, execution_count=self.code_cells_executed + 1
    )
  File "/usr/local/lib/python3.13/dist-packages/nbclient/client.py", line 1062, in async_execute_cell
    await self._check_raise_for_error(cell, cell_index, exec_reply)
  File "/usr/local/lib/python3.13/dist-packages/nbclient/client.py", line 918, in _check_raise_for_error
    raise CellExecutionError.from_cell_and_msg(cell, exec_reply_content)
nbclient.exceptions.CellExecutionError: An error occurred while executing the following cell:
------------------
from src.utils import *

data = r'''
    include(lib_base.ckt)
    include(lib_user.ckt)
    
    Grid(15,5);
    move to (3,3);
OP: opamp()
    line from OP.In1 left 0.5;
DN: dot;
    resistor(2,,E); llabel(,R_1,);
    circle rad 0.1; "\textit{In}" at last circle.n above;
    
    line from DN up_ 1;
    resistor(right_ 2.5,,E); llabel(,R_2,);
    line down_ (Here.y - OP.Out.y);
DO: dot;
    { line to OP.Out; }
    line right_ 1;
    circle rad 0.1; "\textit{Out}" at last circle.n above;

    line from OP.In2 left_ 0.5 then down_ 0.5; gnd; 
    "\textit{InvertujÃºci zosilovaÄ}" at OP.c + (0, -1.5);
    
    "$K = -\dfrac{R_2}{R_1}$" at OP.c + (0, -2.25);

move to OP.c + (6,0.5);
    right_;
PP: opamp(,,,,R)
    line from PP.In1 left_ 1.5;
    circle rad 0.1; "\textit{In}" at last circle.n above;
    line from PP.In2 left_ 0.5 then down_ 0.75;
    dot;
    {resistor(down_ 1.5,,E); rlabel(,R_1,); gnd;}
    resistor(right_ 2.5,,E); llabel(,R_2,);
    line up_ -(Here.y - PP.Out.y);
    dot;
    { line to PP.Out; }
    line right_ 1;
    circle rad 0.1; "\textit{Out}" at last circle.n above;
    "\textit{NeinvertujÃºci zosilovaÄ}" at PP.c + (0, 1);
    
    "$K =1 + \dfrac{R_2}{R_1}$" at PP.c + (0.5, -2.25);
'''

_ = cm_compile('cm_0204a', data, dpi=600 )   
------------------


[31m---------------------------------------------------------------------------[39m
[31mNameError[39m                                 Traceback (most recent call last)
[36mCell[39m[36m [39m[32mIn[1][39m[32m, line 47[39m
[32m      1[39m [38;5;28;01mfrom[39;00m [34;01msrc[39;00m[34;01m.[39;00m[34;01mutils[39;00m [38;5;28;01mimport[39;00m *
[32m      3[39m data = [33mr[39m[33m'''[39m
[32m      4[39m [33m    include(lib_base.ckt)[39m
[32m      5[39m [33m    include(lib_user.ckt)[39m
[32m   (...)[39m[32m     44[39m [33m    [39m[33m"[39m[33m$K =1 + [39m[33m\[39m[33mdfrac[39m[38;5;132;01m{R_2}[39;00m[38;5;132;01m{R_1}[39;00m[33m$[39m[33m"[39m[33m at PP.c + (0.5, -2.25);[39m
[32m     45[39m [33m'''[39m
[32m---> [39m[32m47[39m _ = [43mcm_compile[49m[43m([49m[33;43m'[39;49m[33;43mcm_0204a[39;49m[33;43m'[39;49m[43m,[49m[43m [49m[43mdata[49m[43m,[49m[43m [49m[43mdpi[49m[43m=[49m[32;43m600[39;49m[43m [49m[43m)[49m   

[36mFile [39m[32m~/ownCloud/Share-Projekty/1010_GitHub_lab-411/Technicka_Grafika/src/utils.py:51[39m, in [36mcm_compile[39m[34m(file_name, cm_data, dpi)[39m
[32m     44[39m [38;5;250m[39m[33;03m'''[39;00m
[32m     45[39m [33;03mKonverzia textu s makrami na obrazok.[39;00m
[32m     46[39m [33;03mVyuziva pycirkuit.[39;00m
[32m     47[39m [33;03m'''[39;00m
[32m     49[39m [38;5;66;03m# kontrola home directory[39;00m
[32m     50[39m [38;5;66;03m# vsetky bunky v jednom *.md subore pouzivaju jednu instanciu pythonu  [39;00m
[32m---> [39m[32m51[39m wd =  [43mos[49m.getcwd()
[32m     52[39m q = wd.split([33m'[39m[33m/[39m[33m'[39m)
[32m     53[39m [38;5;28;01mif[39;00m(q[-[32m1[39m] != [33m'[39m[33msrc[39m[33m'[39m):

[31mNameError[39m: name 'os' is not defined

